2017/12/30 06:13:57 [error] [exception.CHttpException.404] CHttpException: Unable to resolve the request "gii". in /Library/WebServer/Documents/yii/framework/web/CWebApplication.php:286
Stack trace:
#0 /Library/WebServer/Documents/yii/framework/web/CWebApplication.php(141): CWebApplication->runController('gii')
#1 /Library/WebServer/Documents/yii/framework/base/CApplication.php(185): CWebApplication->processRequest()
#2 /Library/WebServer/Documents/YiiBlog/index.php(13): CApplication->run()
#3 {main}
REQUEST_URI=/YiiBlog/index.php?r=gii
---
2017/12/30 06:14:41 [error] [exception.CHttpException.404] CHttpException: Unable to resolve the request "post". in /Library/WebServer/Documents/yii/framework/web/CWebApplication.php:286
Stack trace:
#0 /Library/WebServer/Documents/yii/framework/web/CWebApplication.php(141): CWebApplication->runController('post')
#1 /Library/WebServer/Documents/yii/framework/base/CApplication.php(185): CWebApplication->processRequest()
#2 /Library/WebServer/Documents/YiiBlog/index.php(13): CApplication->run()
#3 {main}
REQUEST_URI=/YiiBlog/index.php?r=post
---
2017/12/30 07:40:13 [error] [exception.CHttpException.403] CHttpException: You are not authorized to perform this action. in /Library/WebServer/Documents/yii/framework/web/auth/CAccessControlFilter.php:183
Stack trace:
#0 /Library/WebServer/Documents/yii/framework/web/auth/CAccessControlFilter.php(145): CAccessControlFilter->accessDenied(Object(CWebUser), 'You are not aut...')
#1 /Library/WebServer/Documents/yii/framework/web/filters/CFilter.php(38): CAccessControlFilter->preFilter(Object(CFilterChain))
#2 /Library/WebServer/Documents/yii/framework/web/CController.php(1148): CFilter->filter(Object(CFilterChain))
#3 /Library/WebServer/Documents/yii/framework/web/filters/CInlineFilter.php(58): CController->filterAccessControl(Object(CFilterChain))
#4 /Library/WebServer/Documents/yii/framework/web/filters/CFilterChain.php(131): CInlineFilter->filter(Object(CFilterChain))
#5 /Library/WebServer/Documents/yii/framework/web/CController.php(291): CFilterChain->run()
#6 /Library/WebServer/Documents/yii/framework/web/CController.php(265): CController->runActionWithFilters(Object(CInlineAction), Array)
#7 /Library/WebServer/Documents/yii/framework/web/CWebApplication.php(282): CController->run('admin')
#8 /Library/WebServer/Documents/yii/framework/web/CWebApplication.php(141): CWebApplication->runController('post/admin')
#9 /Library/WebServer/Documents/yii/framework/base/CApplication.php(185): CWebApplication->processRequest()
#10 /Library/WebServer/Documents/YiiBlog/index.php(13): CApplication->run()
#11 {main}
REQUEST_URI=/YiiBlog/index.php?r=post/admin
HTTP_REFERER=http://localhost/YiiBlog/index.php?r=post/index
---
2017/12/30 07:41:22 [error] [exception.CHttpException.404] CHttpException: The system is unable to find the requested action "post". in /Library/WebServer/Documents/yii/framework/web/CController.php:486
Stack trace:
#0 /Library/WebServer/Documents/yii/framework/web/CController.php(270): CController->missingAction('post')
#1 /Library/WebServer/Documents/yii/framework/web/CWebApplication.php(282): CController->run('post')
#2 /Library/WebServer/Documents/yii/framework/web/CWebApplication.php(141): CWebApplication->runController('site/post')
#3 /Library/WebServer/Documents/yii/framework/base/CApplication.php(185): CWebApplication->processRequest()
#4 /Library/WebServer/Documents/YiiBlog/index.php(13): CApplication->run()
#5 {main}
REQUEST_URI=/YiiBlog/index.php?r=site/post
---
